<?xml version="1.0" encoding="UTF-8"?>
<!-- Generated by org.testng.reporters.JUnitReportReporter -->
<testsuite hostname="DESKTOP-P6OFMSL" failures="0" tests="1" name="testscenarios.GoogleTestPage" time="3.219" errors="0" timestamp="2024-09-27T14:48:35 IST" skipped="0">
  <testcase classname="testscenarios.GoogleTestPage" name="googlesearch" time="3.219"/>
</testsuite> <!-- testscenarios.GoogleTestPage -->
