<?xml version="1.0" encoding="UTF-8"?>
<!-- Generated by org.testng.reporters.JUnitReportReporter -->
<testsuite hostname="DESKTOP-P6OFMSL" failures="0" tests="1" name="testscenarios.GoogleTestPage" time="3.186" errors="0" timestamp="2024-09-27T15:03:26 IST" skipped="0">
  <testcase classname="testscenarios.GoogleTestPage" name="googlesearch" time="3.186"/>
</testsuite> <!-- testscenarios.GoogleTestPage -->
